  game.cpp
C:\Users\Gamer\Desktop\IC\Desarrollo 1\Pong2\Desarrollo\Piong\src\gameData\game.cpp(236,17): warning C4244: 'inicializando': conversión de 'double' a 'float'; posible pérdida de datos
C:\Users\Gamer\Desktop\IC\Desarrollo 1\Pong2\Desarrollo\Piong\src\gameData\game.cpp(237,19): warning C4244: 'inicializando': conversión de 'double' a 'float'; posible pérdida de datos
C:\Users\Gamer\Desktop\IC\Desarrollo 1\Pong2\Desarrollo\Piong\src\gameData\game.cpp(436,12): warning C4244: 'argumento': conversión de 'time_t' a 'unsigned int'; posible pérdida de datos
C:\Users\Gamer\Desktop\IC\Desarrollo 1\Pong2\Desarrollo\Piong\src\gameData\game.cpp(450,27): warning C4305: 'inicializando': truncamiento de 'double' a 'float'
C:\Users\Gamer\Desktop\IC\Desarrollo 1\Pong2\Desarrollo\Piong\src\gameData\game.cpp(468,45): warning C4244: 'argumento': conversión de 'float' a 'int'; posible pérdida de datos
C:\Users\Gamer\Desktop\IC\Desarrollo 1\Pong2\Desarrollo\Piong\src\gameData\game.cpp(468,32): warning C4244: 'argumento': conversión de 'float' a 'int'; posible pérdida de datos
C:\Users\Gamer\Desktop\IC\Desarrollo 1\Pong2\Desarrollo\Piong\src\gameData\game.cpp(472,28): warning C4244: '-=': conversión de 'double' a 'float'; posible pérdida de datos
C:\Users\Gamer\Desktop\IC\Desarrollo 1\Pong2\Desarrollo\Piong\src\gameData\game.cpp(497,50): warning C4244: 'argumento': conversión de 'float' a 'int'; posible pérdida de datos
C:\Users\Gamer\Desktop\IC\Desarrollo 1\Pong2\Desarrollo\Piong\src\gameData\game.cpp(497,37): warning C4244: 'argumento': conversión de 'float' a 'int'; posible pérdida de datos
C:\Users\Gamer\Desktop\IC\Desarrollo 1\Pong2\Desarrollo\Piong\src\gameData\game.cpp(501,60): warning C4244: 'argumento': conversión de 'float' a 'int'; posible pérdida de datos
C:\Users\Gamer\Desktop\IC\Desarrollo 1\Pong2\Desarrollo\Piong\src\gameData\game.cpp(501,47): warning C4244: 'argumento': conversión de 'float' a 'int'; posible pérdida de datos
C:\Users\Gamer\Desktop\IC\Desarrollo 1\Pong2\Desarrollo\Piong\src\gameData\game.cpp(505,61): warning C4244: 'argumento': conversión de 'float' a 'int'; posible pérdida de datos
C:\Users\Gamer\Desktop\IC\Desarrollo 1\Pong2\Desarrollo\Piong\src\gameData\game.cpp(505,48): warning C4244: 'argumento': conversión de 'float' a 'int'; posible pérdida de datos
C:\Users\Gamer\Desktop\IC\Desarrollo 1\Pong2\Desarrollo\Piong\src\gameData\game.cpp(516,45): warning C4244: 'argumento': conversión de 'float' a 'int'; posible pérdida de datos
C:\Users\Gamer\Desktop\IC\Desarrollo 1\Pong2\Desarrollo\Piong\src\gameData\game.cpp(516,32): warning C4244: 'argumento': conversión de 'float' a 'int'; posible pérdida de datos
C:\Users\Gamer\Desktop\IC\Desarrollo 1\Pong2\Desarrollo\Piong\src\gameData\game.cpp(520,47): warning C4244: 'argumento': conversión de 'float' a 'int'; posible pérdida de datos
C:\Users\Gamer\Desktop\IC\Desarrollo 1\Pong2\Desarrollo\Piong\src\gameData\game.cpp(520,34): warning C4244: 'argumento': conversión de 'float' a 'int'; posible pérdida de datos
  ball.cpp
  Generando código
  10 of 97 functions (10.3%) were compiled, the rest were copied from previous compilation.
    1 functions were new in current compilation
    0 functions had inline decision re-evaluated but remain unchanged
  Generación de código finalizada
  Pong.vcxproj -> C:\Users\Gamer\Desktop\IC\Desarrollo 1\Pong2\Desarrollo\Piong\bin\Release\Pong.exe
          1 archivo(s) copiado(s).
          1 archivo(s) copiado(s).
          1 archivo(s) copiado(s).
          1 archivo(s) copiado(s).
          1 archivo(s) copiado(s).
